\BOOKMARK [0][]{section*.1}{\376\377\000C\000o\000n\000t\000e\000n\000t\000s}{}% 1
\BOOKMARK [0][]{chapter.1}{\376\377\0001\000\040\000t\000o\000o\000l\000s}{}% 2
\BOOKMARK [1][]{section.1.1}{\376\377\0001\000.\0001\000\040\000b\000o\000o\000t\000s\000t\000r\000a\000p\000s\000e}{chapter.1}% 3
\BOOKMARK [1][]{section.1.2}{\376\377\0001\000.\0002\000\040\000b\000o\000o\000t\000s\000t\000r\000a\000p\000s\000e\000\137\000O\000L\000S}{chapter.1}% 4
\BOOKMARK [1][]{section.1.3}{\376\377\0001\000.\0003\000\040\000m\000o\000d\000e\000l\000s\000e\000l\000e\000c\000t\000a\000i\000c}{chapter.1}% 5
\BOOKMARK [1][]{section.1.4}{\376\377\0001\000.\0004\000\040\000m\000o\000d\000e\000l\000s\000e\000l\000e\000c\000t\000b\000i\000c}{chapter.1}% 6
\BOOKMARK [1][]{section.1.5}{\376\377\0001\000.\0005\000\040\000m\000o\000d\000e\000l\000s\000e\000l\000e\000c\000t\000l\000r\000t}{chapter.1}% 7
\BOOKMARK [1][]{section.1.6}{\376\377\0001\000.\0006\000\040\000p\000r\000e\000d\000i\000c\000t\000i\000o\000n}{chapter.1}% 8
\BOOKMARK [1][]{section.1.7}{\376\377\0001\000.\0007\000\040\000t\000e\000s\000t\000c\000o\000e\000f\000f\000i\000c\000i\000e\000n\000t}{chapter.1}% 9
\BOOKMARK [0][]{chapter.2}{\376\377\0002\000\040\000e\000n\000v}{}% 10
\BOOKMARK [1][]{section.2.1}{\376\377\0002\000.\0001\000\040\000a\000i\000c\000\137\000e\000n\000v}{chapter.2}% 11
\BOOKMARK [1][]{section.2.2}{\376\377\0002\000.\0002\000\040\000b\000i\000c\000\137\000e\000n\000v}{chapter.2}% 12
\BOOKMARK [1][]{section.2.3}{\376\377\0002\000.\0003\000\040\000b\000s\000t\000r\000p\000\137\000e\000n\000v}{chapter.2}% 13
\BOOKMARK [1][]{section.2.4}{\376\377\0002\000.\0004\000\040\000d\000F\0004\000e\000n\000v}{chapter.2}% 14
\BOOKMARK [1][]{section.2.5}{\376\377\0002\000.\0005\000\040\000e\000n\000v}{chapter.2}% 15
\BOOKMARK [1][]{section.2.6}{\376\377\0002\000.\0006\000\040\000F\0004\000e\000n\000v}{chapter.2}% 16
\BOOKMARK [1][]{section.2.7}{\376\377\0002\000.\0007\000\040\000l\000r\000t\000\137\000e\000n\000v}{chapter.2}% 17
\BOOKMARK [1][]{section.2.8}{\376\377\0002\000.\0008\000\040\000p\000r\000e\000d\000i\000c\000t\000\137\000e\000n\000v}{chapter.2}% 18
\BOOKMARK [1][]{section.2.9}{\376\377\0002\000.\0009\000\040\000t\000e\000s\000t\000c\000o\000e\000f\000f\000i\000c\000i\000e\000n\000t\000\137\000e\000n\000v}{chapter.2}% 19
\BOOKMARK [0][]{chapter.3}{\376\377\0003\000\040\000h\000e\000n\000v}{}% 20
\BOOKMARK [1][]{section.3.1}{\376\377\0003\000.\0001\000\040\000a\000i\000c\000\137\000h\000e\000n\000v}{chapter.3}% 21
\BOOKMARK [1][]{section.3.2}{\376\377\0003\000.\0002\000\040\000b\000i\000c\000\137\000h\000e\000n\000v}{chapter.3}% 22
\BOOKMARK [1][]{section.3.3}{\376\377\0003\000.\0003\000\040\000b\000s\000t\000r\000p\000\137\000h\000e\000n\000v}{chapter.3}% 23
\BOOKMARK [1][]{section.3.4}{\376\377\0003\000.\0004\000\040\000d\000F\0004\000h\000e\000n\000v}{chapter.3}% 24
\BOOKMARK [1][]{section.3.5}{\376\377\0003\000.\0005\000\040\000F\0004\000h\000e\000n\000v}{chapter.3}% 25
\BOOKMARK [1][]{section.3.6}{\376\377\0003\000.\0006\000\040\000h\000e\000n\000v}{chapter.3}% 26
\BOOKMARK [1][]{section.3.7}{\376\377\0003\000.\0007\000\040\000l\000r\000t\000\137\000h\000e\000n\000v}{chapter.3}% 27
\BOOKMARK [1][]{section.3.8}{\376\377\0003\000.\0008\000\040\000p\000r\000e\000d\000i\000c\000t\000\137\000h\000e\000n\000v}{chapter.3}% 28
\BOOKMARK [1][]{section.3.9}{\376\377\0003\000.\0009\000\040\000t\000e\000s\000t\000c\000o\000e\000f\000f\000i\000c\000i\000e\000n\000t\000\137\000h\000e\000n\000v}{chapter.3}% 29
\BOOKMARK [0][]{chapter.4}{\376\377\0004\000\040\000i\000e\000n\000v}{}% 30
\BOOKMARK [1][]{section.4.1}{\376\377\0004\000.\0001\000\040\000a\000i\000c\000\137\000i\000e\000n\000v}{chapter.4}% 31
\BOOKMARK [1][]{section.4.2}{\376\377\0004\000.\0002\000\040\000b\000i\000c\000\137\000i\000e\000n\000v}{chapter.4}% 32
\BOOKMARK [1][]{section.4.3}{\376\377\0004\000.\0003\000\040\000b\000s\000t\000r\000p\000\137\000i\000e\000n\000v}{chapter.4}% 33
\BOOKMARK [1][]{section.4.4}{\376\377\0004\000.\0004\000\040\000d\000F\0004\000i\000e\000n\000v}{chapter.4}% 34
\BOOKMARK [1][]{section.4.5}{\376\377\0004\000.\0005\000\040\000F\0004\000i\000e\000n\000v}{chapter.4}% 35
\BOOKMARK [1][]{section.4.6}{\376\377\0004\000.\0006\000\040\000i\000e\000n\000v}{chapter.4}% 36
\BOOKMARK [1][]{section.4.7}{\376\377\0004\000.\0007\000\040\000l\000r\000t\000\137\000i\000e\000n\000v}{chapter.4}% 37
\BOOKMARK [1][]{section.4.8}{\376\377\0004\000.\0008\000\040\000p\000r\000e\000d\000i\000c\000t\000\137\000i\000e\000n\000v}{chapter.4}% 38
\BOOKMARK [1][]{section.4.9}{\376\377\0004\000.\0009\000\040\000t\000e\000s\000t\000c\000o\000e\000f\000f\000i\000c\000i\000e\000n\000t\000\137\000i\000e\000n\000v}{chapter.4}% 39
\BOOKMARK [0][]{chapter.5}{\376\377\0005\000\040\000p\000e\000n\000v}{}% 40
\BOOKMARK [1][]{section.5.1}{\376\377\0005\000.\0001\000\040\000a\000i\000c\000\137\000p\000e\000n\000v}{chapter.5}% 41
\BOOKMARK [1][]{section.5.2}{\376\377\0005\000.\0002\000\040\000b\000i\000c\000\137\000p\000e\000n\000v}{chapter.5}% 42
\BOOKMARK [1][]{section.5.3}{\376\377\0005\000.\0003\000\040\000b\000s\000t\000r\000p\000\137\000p\000e\000n\000v}{chapter.5}% 43
\BOOKMARK [1][]{section.5.4}{\376\377\0005\000.\0004\000\040\000l\000r\000t\000\137\000p\000e\000n\000v}{chapter.5}% 44
\BOOKMARK [1][]{section.5.5}{\376\377\0005\000.\0005\000\040\000p\000e\000n\000v}{chapter.5}% 45
\BOOKMARK [1][]{section.5.6}{\376\377\0005\000.\0006\000\040\000p\000r\000e\000d\000i\000c\000t\000\137\000p\000e\000n\000v}{chapter.5}% 46
\BOOKMARK [1][]{section.5.7}{\376\377\0005\000.\0007\000\040\000t\000e\000s\000t\000c\000o\000e\000f\000f\000i\000c\000i\000e\000n\000t\000\137\000p\000e\000n\000v}{chapter.5}% 47
\BOOKMARK [0][]{chapter.6}{\376\377\0006\000\040\000s\000e\000n\000v}{}% 48
\BOOKMARK [1][]{section.6.1}{\376\377\0006\000.\0001\000\040\000a\000i\000c\000\137\000s\000e\000n\000v}{chapter.6}% 49
\BOOKMARK [1][]{section.6.2}{\376\377\0006\000.\0002\000\040\000b\000i\000c\000\137\000s\000e\000n\000v}{chapter.6}% 50
\BOOKMARK [1][]{section.6.3}{\376\377\0006\000.\0003\000\040\000b\000s\000t\000r\000p\000\137\000s\000e\000n\000v}{chapter.6}% 51
\BOOKMARK [1][]{section.6.4}{\376\377\0006\000.\0004\000\040\000d\000F\0004\000s\000e\000n\000v}{chapter.6}% 52
\BOOKMARK [1][]{section.6.5}{\376\377\0006\000.\0005\000\040\000F\0004\000s\000e\000n\000v}{chapter.6}% 53
\BOOKMARK [1][]{section.6.6}{\376\377\0006\000.\0006\000\040\000o\000b\000j\000f\000u\000n}{chapter.6}% 54
\BOOKMARK [1][]{section.6.7}{\376\377\0006\000.\0007\000\040\000p\000r\000e\000d\000i\000c\000t\000\137\000s\000e\000n\000v}{chapter.6}% 55
\BOOKMARK [1][]{section.6.8}{\376\377\0006\000.\0008\000\040\000s\000e\000n\000v}{chapter.6}% 56
\BOOKMARK [1][]{section.6.9}{\376\377\0006\000.\0009\000\040\000t\000e\000s\000t\000c\000o\000e\000f\000f\000i\000c\000i\000e\000n\000t\000\137\000s\000e\000n\000v}{chapter.6}% 57
\BOOKMARK [0][]{chapter.7}{\376\377\0007\000\040\000x\000e\000n\000v}{}% 58
\BOOKMARK [1][]{section.7.1}{\376\377\0007\000.\0001\000\040\000a\000i\000c\000\137\000x\000e\000n\000v}{chapter.7}% 59
\BOOKMARK [1][]{section.7.2}{\376\377\0007\000.\0002\000\040\000b\000i\000c\000\137\000x\000e\000n\000v}{chapter.7}% 60
\BOOKMARK [1][]{section.7.3}{\376\377\0007\000.\0003\000\040\000b\000s\000t\000r\000p\000\137\000x\000e\000n\000v}{chapter.7}% 61
\BOOKMARK [1][]{section.7.4}{\376\377\0007\000.\0004\000\040\000d\000F\0004\000x\000e\000n\000v}{chapter.7}% 62
\BOOKMARK [1][]{section.7.5}{\376\377\0007\000.\0005\000\040\000F\0004\000x\000e\000n\000v}{chapter.7}% 63
\BOOKMARK [1][]{section.7.6}{\376\377\0007\000.\0006\000\040\000l\000r\000t\000\137\000x\000e\000n\000v}{chapter.7}% 64
\BOOKMARK [1][]{section.7.7}{\376\377\0007\000.\0007\000\040\000p\000r\000e\000d\000i\000c\000t\000\137\000x\000e\000n\000v}{chapter.7}% 65
\BOOKMARK [1][]{section.7.8}{\376\377\0007\000.\0008\000\040\000t\000e\000s\000t\000c\000o\000e\000f\000f\000i\000c\000i\000e\000n\000t\000\137\000x\000e\000n\000v}{chapter.7}% 66
\BOOKMARK [1][]{section.7.9}{\376\377\0007\000.\0009\000\040\000x\000e\000n\000v}{chapter.7}% 67
\BOOKMARK [0][]{chapter.8}{\376\377\0008\000\040\000a\000u\000x\000i\000l\000i\000a\000r\000y}{}% 68
\BOOKMARK [1][]{section.8.1}{\376\377\0008\000.\0001\000\040\000c\000e\000n\000t\000e\000r}{chapter.8}% 69
\BOOKMARK [1][]{section.8.2}{\376\377\0008\000.\0002\000\040\000C\000o\000n\000t\000r}{chapter.8}% 70
\BOOKMARK [1][]{section.8.3}{\376\377\0008\000.\0003\000\040\000E\000x\000p\000a\000n}{chapter.8}% 71
\BOOKMARK [1][]{section.8.4}{\376\377\0008\000.\0004\000\040\000f\000i\000t\000\137\000O\000L\000S}{chapter.8}% 72
\BOOKMARK [1][]{section.8.5}{\376\377\0008\000.\0005\000\040\000g\000e\000t\000\137\000I\000n\000i\000t}{chapter.8}% 73
\BOOKMARK [1][]{section.8.6}{\376\377\0008\000.\0006\000\040\000g\000e\000t\000\137\000I\000n\000i\000t\0004\000h\000e\000n\000v}{chapter.8}% 74
\BOOKMARK [1][]{section.8.7}{\376\377\0008\000.\0007\000\040\000K\000p\000d}{chapter.8}% 75
\BOOKMARK [1][]{section.8.8}{\376\377\0008\000.\0008\000\040\000L\000m\000a\000t\000r\000i\000x}{chapter.8}% 76
\BOOKMARK [1][]{section.8.9}{\376\377\0008\000.\0009\000\040\000m\000a\000k\000e\000\137\000d\000F}{chapter.8}% 77
\BOOKMARK [1][]{section.8.10}{\376\377\0008\000.\0001\0000\000\040\000m\000a\000k\000e\000\137\000F}{chapter.8}% 78
\BOOKMARK [1][]{section.8.11}{\376\377\0008\000.\0001\0001\000\040\000m\000a\000k\000e\000\137\000o\000p\000t\000s}{chapter.8}% 79
\BOOKMARK [1][]{section.8.12}{\376\377\0008\000.\0001\0002\000\040\000m\000a\000k\000e\000\137\000p\000a\000r\000a\000m\000e\000t\000e\000r}{chapter.8}% 80
