This is pdfTeX, Version 3.1415926-2.3-1.40.12 (TeX Live 2011) (format=latex 2011.7.3)  13 FEB 2014 19:57
entering extended mode
 restricted \write18 enabled.
 file:line:error style messages enabled.
 %&-line parsing enabled.
**Reference.tex
(./Reference.tex
LaTeX2e <2009/09/24>
Babel <v3.8l> and hyphenation patterns for english, dumylang, nohyphenation, ge
rman-x-2009-06-19, ngerman-x-2009-06-19, afrikaans, ancientgreek, ibycus, arabi
c, armenian, basque, bulgarian, catalan, pinyin, coptic, croatian, czech, danis
h, dutch, ukenglish, usenglishmax, esperanto, estonian, ethiopic, farsi, finnis
h, french, galician, german, ngerman, swissgerman, monogreek, greek, hungarian,
 icelandic, assamese, bengali, gujarati, hindi, kannada, malayalam, marathi, or
iya, panjabi, tamil, telugu, indonesian, interlingua, irish, italian, kurmanji,
 lao, latin, latvian, lithuanian, mongolian, mongolianlmc, bokmal, nynorsk, pol
ish, portuguese, romanian, russian, sanskrit, serbian, serbianc, slovak, sloven
ian, spanish, swedish, turkish, turkmen, ukrainian, uppersorbian, welsh, loaded
.
(/usr/local/texlive/2011/texmf-dist/tex/latex/memoir/memoir.cls
Document Class: memoir 2011/03/06 v3.6j configurable book, report, article docu
ment class
\onelineskip=\skip41
\lxvchars=\skip42
\xlvchars=\skip43
\@memcnta=\count79
\c@@memmarkcntra=\count80
(/usr/local/texlive/2011/texmf-dist/tex/generic/oberdiek/ifpdf.sty
Package: ifpdf 2011/01/30 v2.3 Provides the ifpdf switch (HO)
Package ifpdf Info: pdfTeX in PDF mode is not detected.
)
Class memoir Info: An `ifetex' package is being emulated on input line 251.

(/usr/local/texlive/2011/texmf-dist/tex/generic/ifxetex/ifxetex.sty
Package: ifxetex 2010/09/12 v0.6 Provides ifxetex conditional
)
(/usr/local/texlive/2011/texmf-dist/tex/generic/oberdiek/ifluatex.sty
Package: ifluatex 2010/03/01 v1.3 Provides the ifluatex switch (HO)
Package ifluatex Info: LuaTeX not detected.
)
\stockheight=\skip44
\stockwidth=\skip45
\trimtop=\skip46
\trimedge=\skip47

(/usr/local/texlive/2011/texmf-dist/tex/latex/etex-pkg/etex.sty
Package: etex 1998/03/26 v2.0 eTeX basic definition package (PEB)
\et@xins=\count81
)
(/usr/local/texlive/2011/texmf-dist/tex/latex/memoir/mem11.clo
File: mem11.clo 2008/01/30 v0.3 memoir class 11pt size option
)
\binding=\skip48
\spinemargin=\skip49
\foremargin=\skip50
\uppermargin=\skip51
\lowermargin=\skip52
\headdrop=\skip53
\normalrulethickness=\skip54
\mem@maxheadheight=\skip55
\mem@maxfootheight=\skip56
\headwidth=\skip57
\c@storedpagenumber=\count82
\memPD=\dimen102
\m@mabparskip=\skip58
\thanksmarkwidth=\skip59
\thanksmarksep=\skip60
\droptitle=\skip61
\c@book=\count83
\c@part=\count84
\c@chapter=\count85
\c@section=\count86
\c@subsection=\count87
\c@subsubsection=\count88
\c@paragraph=\count89
\c@subparagraph=\count90
\beforechapskip=\skip62
\midchapskip=\skip63
\afterchapskip=\skip64
\chapindent=\skip65
\bottomsectionskip=\skip66
\secindent=\skip67
\beforesecskip=\skip68
\aftersecskip=\skip69
\subsecindent=\skip70
\beforesubsecskip=\skip71
\aftersubsecskip=\skip72
\subsubsecindent=\skip73
\beforesubsubsecskip=\skip74
\aftersubsubsecskip=\skip75
\paraindent=\skip76
\beforeparaskip=\skip77
\afterparaskip=\skip78
\subparaindent=\skip79
\beforesubparaskip=\skip80
\aftersubparaskip=\skip81
\pfbreakskip=\skip82
\c@@ppsavesec=\count91
\c@@ppsaveapp=\count92
\ragrparindent=\dimen103
\everylistparindent=\dimen104
\parsepi=\skip83
\topsepi=\skip84
\itemsepi=\skip85
\parsepii=\skip86
\topsepii=\skip87
\topsepiii=\skip88
\itemsepii=\skip89
\itemsepiii=\skip90
\partopsepii=\skip91
\partopsepiii=\skip92
\m@msavetopsep=\skip93
\m@msavepartopsep=\skip94
\@enLab=\toks14
\abstitleskip=\skip95
\absleftindent=\skip96
\abs@leftindent=\dimen105
\absrightindent=\skip97
\absparindent=\skip98
\absparsep=\skip99
\c@vslineno=\count93
\c@poemline=\count94
\c@modulo@vs=\count95
\c@memfvsline=\count96
\vleftskip=\skip100
\vrightskip=\skip101
\stanzaskip=\skip102
\versewidth=\skip103
\vgap=\skip104
\vindent=\skip105
\vleftmargin=\dimen106
\c@verse=\count97
\c@chrsinstr=\count98
\beforepoemtitleskip=\skip106
\afterpoemtitleskip=\skip107
\c@poem=\count99
\beforePoemTitleskip=\skip108
\midPoemTitleskip=\skip109
\afterPoemTitleskip=\skip110
\col@sep=\dimen107
\extrarowheight=\dimen108
\NC@list=\toks15
\extratabsurround=\skip111
\backup@length=\skip112
\TX@col@width=\dimen109
\TX@old@table=\dimen110
\TX@old@col=\dimen111
\TX@target=\dimen112
\TX@delta=\dimen113
\TX@cols=\count100
\TX@ftn=\toks16
\heavyrulewidth=\dimen114
\lightrulewidth=\dimen115
\cmidrulewidth=\dimen116
\belowrulesep=\dimen117
\belowbottomsep=\dimen118
\aboverulesep=\dimen119
\abovetopsep=\dimen120
\cmidrulesep=\dimen121
\cmidrulekern=\dimen122
\defaultaddspace=\dimen123
\@cmidla=\count101
\@cmidlb=\count102
\@aboverulesep=\dimen124
\@belowrulesep=\dimen125
\@thisruleclass=\count103
\@lastruleclass=\count104
\@thisrulewidth=\dimen126
\ctableftskip=\skip113
\ctabrightskip=\skip114
\abovecolumnspenalty=\count105
\@linestogo=\count106
\@cellstogo=\count107
\@cellsincolumn=\count108
\crtok=\toks17
\@mincolumnwidth=\dimen127
\c@newflo@tctr=\count109
\mem@margin@floatbox=\box26
\@contcwidth=\skip115
\@contindw=\skip116
\abovecaptionskip=\skip117
\belowcaptionskip=\skip118
\subfloattopskip=\skip119
\subfloatcapskip=\skip120
\subfloatcaptopadj=\skip121
\subfloatbottomskip=\skip122
\subfloatlabelskip=\skip123
\subfloatcapmargin=\dimen128
\c@@contsubnum=\count110
\m@mscap@capbox=\box27
\m@mscap@fbox=\box28
\sidecapsep=\dimen129
\sidecapwidth=\dimen130
\m@m@tempdima=\dimen131
\m@mscapraise=\dimen132
\sidecapraise=\dimen133
\m@mscapmainwidth=\dimen134
\m@mscaplkern=\dimen135
\beforeepigraphskip=\skip124
\afterepigraphskip=\skip125
\epigraphwidth=\skip126
\epigraphrule=\skip127
LaTeX Info: Redefining \em on input line 7377.
LaTeX Info: Redefining \emph on input line 7385.
\tocentryskip=\skip128
\tocbaseline=\skip129
\cftparskip=\skip130
\cftbeforebookskip=\skip131
\cftbookindent=\dimen136
\cftbooknumwidth=\dimen137
\cftbeforepartskip=\skip132
\cftpartindent=\skip133
\cftpartnumwidth=\skip134
\cftbeforechapterskip=\skip135
\cftchapterindent=\skip136
\cftchapternumwidth=\skip137
\cftbeforesectionskip=\skip138
\cftsectionindent=\skip139
\cftsectionnumwidth=\skip140
\cftbeforesubsectionskip=\skip141
\cftsubsectionindent=\skip142
\cftsubsectionnumwidth=\skip143
\cftbeforesubsubsectionskip=\skip144
\cftsubsubsectionindent=\skip145
\cftsubsubsectionnumwidth=\skip146
\cftbeforeparagraphskip=\skip147
\cftparagraphindent=\skip148
\cftparagraphnumwidth=\skip149
\cftbeforesubparagraphskip=\skip150
\cftsubparagraphindent=\skip151
\cftsubparagraphnumwidth=\skip152
\prechapterprecisshift=\dimen138
\c@maxsecnumdepth=\count111
\bibindent=\dimen139
\bibitemsep=\skip153
\indexcolsep=\skip154
\indexrule=\skip155
\indexmarkstyle=\toks18
\@indexbox=\insert233
\glossarycolsep=\dimen140
\glossaryrule=\dimen141
\sideparvshift=\skip156
\sideins=\insert232
\sidebartopsep=\skip157
\sidebarhsep=\skip158
\sidebarvsep=\skip159
\sidebarwidth=\skip160
\footmarkwidth=\skip161
\footmarksep=\skip162
\footparindent=\skip163
\footinsdim=\skip164
\footinsv@r=\insert231
\@mpfootinsv@r=\insert230
\m@m@k=\count112
\m@m@h=\dimen142
\m@mipn@skip=\skip165
\sidefootins=\insert229
\sidefootadjust=\skip166
\sidefootheight=\skip167
\sidefoothsep=\skip168
\sidefootvsep=\skip169
\sidefootwidth=\skip170
\m@mdownsf=\skip171
\c@sidefootnote=\count113
\sidefootmarkwidth=\skip172
\sidefootmarksep=\skip173
\sidefootparindent=\skip174
\c@pagenote=\count114
\c@pagenoteshadow=\count115
\mem@pn@lastkern=\skip175
\every@verbatim=\toks19
\afterevery@verbatim=\toks20
\verbatim@line=\toks21
\tab@position=\count116
\verbatim@in@stream=\read1
\verbatimindent=\skip176
\verbatim@out=\write3
\bvboxsep=\skip177
\c@memfbvline=\count117
\c@bvlinectr=\count118
\bvnumlength=\skip178
\fb@frw=\dimen143
\fb@frh=\dimen144
\FrameRule=\dimen145
\FrameSep=\dimen146
\c@cp@cntr=\count119
LaTeX Info: Redefining \: on input line 11807.
LaTeX Info: Redefining \! on input line 11809.
\c@ism@mctr=\count120
\c@xsm@mctr=\count121
\c@csm@mctr=\count122
\c@ksm@mctr=\count123
\c@xksm@mctr=\count124
\c@cksm@mctr=\count125
\c@msm@mctr=\count126
\c@xmsm@mctr=\count127
\c@cmsm@mctr=\count128
\c@bsm@mctr=\count129
\c@workm@mctr=\count130
\c@sheetsequence=\count131
\c@lastsheet=\count132
\c@lastpage=\count133
\c@figure=\count134
\c@lofdepth=\count135
\cftbeforefigureskip=\skip179
\cftfigureindent=\skip180
\cftfigurenumwidth=\skip181
\c@table=\count136
\c@lotdepth=\count137
\cftbeforetableskip=\skip182
\cfttableindent=\skip183
\cfttablenumwidth=\skip184
Package abstract [2008/07/23] emulated by memoir.
Package appendix [2008/07/23] emulated by memoir.
Package array [2008/07/23] emulated by memoir.
Package booktabs [2008/07/23] emulated by memoir.
Package ccaption [2008/07/23] emulated by memoir.
Package changepage [2008/07/23] emulated by memoir.
Package chngcntr [2008/07/23] emulated by memoir.
Package chngpage [2008/07/23] emulated by memoir.
Package crop emulated by memoir.
Package dcolumn [2008/07/23] emulated by memoir.
Package delarray [2008/07/23] emulated by memoir.
Package enumerate [2008/07/23] emulated by memoir.
Package epigraph [2008/07/23] emulated by memoir.
Package ifmtarg [2008/07/23] emulated by memoir.
Package ifetex [2008/07/23] emulated by memoir.
Package index [2008/07/23] emulated by memoir.
Package makeidx [2008/07/23] emulated by memoir.
Package moreverb [2008/07/23] emulated by memoir.
Package mparhack [2008/07/23] emulated by memoir.
Package needspace [2008/07/23] emulated by memoir.
Package newfile [2008/07/23] emulated by memoir.
Package nextpage [2008/07/23] emulated by memoir.
Package pagenote [2008/07/23] emulated by memoir.
Package parskip [2008/07/23] emulated by memoir.
Package patchcmd [2008/07/23] emulated by memoir.
Package setspace [2008/07/23] emulated by memoir.
Package shortvrb [2008/07/23] emulated by memoir.
Package showidx [2008/07/23] emulated by memoir.
Package tabularx [2008/07/23] emulated by memoir.
Package titleref [2008/07/23] emulated by memoir.
Package titling [2008/07/23] emulated by memoir.
Package tocbibind [2008/07/23] emulated by memoir.
Package tocloft [2008/07/23] emulated by memoir.
Package tocvsec2 [2008/07/23] emulated by memoir.
Package verbatim [2008/07/23] emulated by memoir.
Package verse [2008/07/23] emulated by memoir.

(/usr/local/texlive/2011/texmf-dist/tex/latex/memoir/mempatch.sty
Package: mempatch 2009/07/24 v6.0f Patches for memoir class v1.6180339
))

******************************************************
Stock height and width: 845.04684pt by 597.50787pt
Top and edge trims: 0pt and 0pt
Page height and width: 845.04684pt by 597.50787pt
Text height and width: 704.60031pt by 426pt
Spine and edge margins: 85.35826pt and 85.35826pt
Upper and lower margins: 71.13188pt and 69.31465pt
Headheight and headsep: 13.6pt and 19.8738pt
Footskip: 27.46295pt
Columnsep and columnseprule: 10pt and 0pt
Marginparsep and marginparwidth: 7.11317pt and 56.9055pt
Sidecapsep and sidecapwidth: 7pt and 101pt
Sidebarhsep and sidebarwidth: 7pt and 101pt
Sidebarvsep and sidebartopsep: 13.6pt and 0pt
Sidebarheight: 594.32022pt
Sidefoothsep and sidefootwidth: 7pt and 101pt
Sidefootvsep and sidefootheight: 13.6pt and 594.32022pt
******************************************************

(/usr/local/texlive/2011/texmf-dist/tex/latex/base/inputenc.sty
Package: inputenc 2008/03/30 v1.1d Input encoding file
\inpenc@prehook=\toks22
\inpenc@posthook=\toks23

(/usr/local/texlive/2011/texmf-dist/tex/latex/base/latin1.def
File: latin1.def 2008/03/30 v1.1d Input encoding file
))
(/usr/local/texlive/2011/texmf-dist/tex/generic/babel/babel.sty
Package: babel 2008/07/06 v3.8l The Babel package

(/usr/local/texlive/2011/texmf-dist/tex/generic/babel/english.ldf
Language: english 2005/03/30 v3.3o English support from the babel system

(/usr/local/texlive/2011/texmf-dist/tex/generic/babel/babel.def
File: babel.def 2008/07/06 v3.8l Babel common definitions
\babel@savecnt=\count138
\U@D=\dimen147
)
\l@canadian = a dialect from \language\l@american 
\l@australian = a dialect from \language\l@british 
\l@newzealand = a dialect from \language\l@british 
))
(/usr/local/texlive/2011/texmf-dist/tex/latex/base/fontenc.sty
Package: fontenc 2005/09/27 v1.99g Standard LaTeX package

(/usr/local/texlive/2011/texmf-dist/tex/latex/base/t1enc.def
File: t1enc.def 2005/09/27 v1.99g Standard LaTeX file
LaTeX Font Info:    Redeclaring font encoding T1 on input line 43.
))
(/usr/local/texlive/2011/texmf-dist/tex/latex/tools/calc.sty
Package: calc 2007/08/22 v4.3 Infix arithmetic (KKT,FJ)
\calc@Acount=\count139
\calc@Bcount=\count140
\calc@Adimen=\dimen148
\calc@Bdimen=\dimen149
\calc@Askip=\skip185
\calc@Bskip=\skip186
LaTeX Info: Redefining \setlength on input line 76.
LaTeX Info: Redefining \addtolength on input line 77.
\calc@Ccount=\count141
\calc@Cskip=\skip187
)
(/usr/local/texlive/2011/texmf-dist/tex/latex/graphics/graphicx.sty
Package: graphicx 1999/02/16 v1.0f Enhanced LaTeX Graphics (DPC,SPQR)

(/usr/local/texlive/2011/texmf-dist/tex/latex/graphics/keyval.sty
Package: keyval 1999/03/16 v1.13 key=value parser (DPC)
\KV@toks@=\toks24
)
(/usr/local/texlive/2011/texmf-dist/tex/latex/graphics/graphics.sty
Package: graphics 2009/02/05 v1.0o Standard LaTeX Graphics (DPC,SPQR)

(/usr/local/texlive/2011/texmf-dist/tex/latex/graphics/trig.sty
Package: trig 1999/03/16 v1.09 sin cos tan (DPC)
)
(/usr/local/texlive/2011/texmf-dist/tex/latex/latexconfig/graphics.cfg
File: graphics.cfg 2010/04/23 v1.9 graphics configuration of TeX Live
)
Package graphics Info: Driver file: dvips.def on input line 91.

(/usr/local/texlive/2011/texmf-dist/tex/latex/graphics/dvips.def
File: dvips.def 1999/02/16 v3.0i Driver-dependant file (DPC,SPQR)
))
\Gin@req@height=\dimen150
\Gin@req@width=\dimen151
)
(/usr/local/texlive/2011/texmf-dist/tex/latex/url/url.sty
\Urlmuskip=\muskip10
Package: url 2006/04/12  ver 3.3  Verb mode for urls, etc.
)
(/usr/local/texlive/2011/texmf-dist/tex/latex/fancyvrb/fancyvrb.sty
Package: fancyvrb 2008/02/07

Style option: `fancyvrb' v2.7a, with DG/SPQR fixes, and firstline=lastline fix 
<2008/02/07> (tvz)
\FV@CodeLineNo=\count142
\FV@InFile=\read2
\FV@TabBox=\box29
\c@FancyVerbLine=\count143
\FV@StepNumber=\count144
\FV@OutFile=\write4
)
(/usr/local/texlive/2011/texmf-dist/tex/latex/tools/multicol.sty
Package: multicol 2008/12/05 v1.6h multicolumn formatting (FMi)
\c@tracingmulticols=\count145
\mult@box=\box30
\multicol@leftmargin=\dimen152
\c@unbalance=\count146
\c@collectmore=\count147
\doublecol@number=\count148
\multicoltolerance=\count149
\multicolpretolerance=\count150
\full@width=\dimen153
\page@free=\dimen154
\premulticols=\dimen155
\postmulticols=\dimen156
\multicolsep=\skip188
\multicolbaselineskip=\skip189
\partial@page=\box31
\last@line=\box32
\mult@rightbox=\box33
\mult@grightbox=\box34
\mult@gfirstbox=\box35
\mult@firstbox=\box36
\@tempa=\box37
\@tempa=\box38
\@tempa=\box39
\@tempa=\box40
\@tempa=\box41
\@tempa=\box42
\@tempa=\box43
\@tempa=\box44
\@tempa=\box45
\@tempa=\box46
\@tempa=\box47
\@tempa=\box48
\@tempa=\box49
\@tempa=\box50
\@tempa=\box51
\@tempa=\box52
\@tempa=\box53
\c@columnbadness=\count151
\c@finalcolumnbadness=\count152
\last@try=\dimen157
\multicolovershoot=\dimen158
\multicolundershoot=\dimen159
\mult@nat@firstbox=\box54
\colbreak@box=\box55
)
(/usr/local/texlive/2011/texmf-dist/tex/generic/oberdiek/kvsetkeys.sty
Package: kvsetkeys 2011/04/07 v1.13 Key value parser (HO)

(/usr/local/texlive/2011/texmf-dist/tex/generic/oberdiek/infwarerr.sty
Package: infwarerr 2010/04/08 v1.3 Providing info/warning/message (HO)
)
(/usr/local/texlive/2011/texmf-dist/tex/generic/oberdiek/etexcmds.sty
Package: etexcmds 2011/02/16 v1.5 Prefix for e-TeX command names (HO)
Package etexcmds Info: Could not find \expanded.
(etexcmds)             That can mean that you are not using pdfTeX 1.50 or
(etexcmds)             that some package has redefined \expanded.
(etexcmds)             In the latter case, load this package earlier.
))
(/usr/local/texlive/2011/texmf-dist/tex/latex/graphics/color.sty
Package: color 2005/11/14 v1.0j Standard LaTeX Color (DPC)

(/usr/local/texlive/2011/texmf-dist/tex/latex/latexconfig/color.cfg
File: color.cfg 2007/01/18 v1.5 color configuration of teTeX/TeXLive
)
Package color Info: Driver file: dvips.def on input line 130.

(/usr/local/texlive/2011/texmf-dist/tex/latex/graphics/dvipsnam.def
File: dvipsnam.def 1999/02/16 v3.0i Driver-dependant file (DPC,SPQR)
))
(/usr/local/texlive/2011/texmf-dist/tex/latex/fixme/fixme.sty
Package: fixme 2009/09/30 v4.1 Insert fixme notes in your documents

(/usr/local/texlive/2011/texmf-dist/tex/latex/base/ifthen.sty
Package: ifthen 2001/05/26 v1.1c Standard LaTeX ifthen package (DPC)
)
(/usr/local/texlive/2011/texmf-dist/tex/latex/xkeyval/xkeyval.sty
Package: xkeyval 2008/08/13 v2.6a package option processing (HA)

(/usr/local/texlive/2011/texmf-dist/tex/generic/xkeyval/xkeyval.tex
\XKV@toks=\toks25
\XKV@tempa@toks=\toks26
\XKV@depth=\count153
File: xkeyval.tex 2008/08/13 v2.6a key=value parser (HA)
))
\c@fixmecount=\count154
\c@fxnotecount=\count155
\c@fxwarningcount=\count156
\c@fxerrorcount=\count157
\c@fxfatalcount=\count158
)
(/usr/local/texlive/2011/texmf-dist/tex/latex/fourier/fourier.sty
Package: fourier 2005/01/01 1.4 fourier-GUTenberg package

(/usr/local/texlive/2011/texmf-dist/tex/latex/base/fontenc.sty
Package: fontenc 2005/09/27 v1.99g Standard LaTeX package

(/usr/local/texlive/2011/texmf-dist/tex/latex/base/t1enc.def
File: t1enc.def 2005/09/27 v1.99g Standard LaTeX file
LaTeX Font Info:    Redeclaring font encoding T1 on input line 43.
))
(/usr/local/texlive/2011/texmf-dist/tex/latex/base/textcomp.sty
Package: textcomp 2005/09/27 v1.99g Standard LaTeX package
Package textcomp Info: Sub-encoding information:
(textcomp)               5 = only ISO-Adobe without \textcurrency
(textcomp)               4 = 5 + \texteuro
(textcomp)               3 = 4 + \textohm
(textcomp)               2 = 3 + \textestimated + \textcurrency
(textcomp)               1 = TS1 - \textcircled - \t
(textcomp)               0 = TS1 (full)
(textcomp)             Font families with sub-encoding setting implement
(textcomp)             only a restricted character set as indicated.
(textcomp)             Family '?' is the default used for unknown fonts.
(textcomp)             See the documentation for details.
Package textcomp Info: Setting ? sub-encoding to TS1/1 on input line 71.

(/usr/local/texlive/2011/texmf-dist/tex/latex/base/ts1enc.def
File: ts1enc.def 2001/06/05 v3.0e (jk/car/fm) Standard LaTeX file
)
LaTeX Info: Redefining \oldstylenums on input line 266.
Package textcomp Info: Setting cmr sub-encoding to TS1/0 on input line 281.
Package textcomp Info: Setting cmss sub-encoding to TS1/0 on input line 282.
Package textcomp Info: Setting cmtt sub-encoding to TS1/0 on input line 283.
Package textcomp Info: Setting cmvtt sub-encoding to TS1/0 on input line 284.
Package textcomp Info: Setting cmbr sub-encoding to TS1/0 on input line 285.
Package textcomp Info: Setting cmtl sub-encoding to TS1/0 on input line 286.
Package textcomp Info: Setting ccr sub-encoding to TS1/0 on input line 287.
Package textcomp Info: Setting ptm sub-encoding to TS1/4 on input line 288.
Package textcomp Info: Setting pcr sub-encoding to TS1/4 on input line 289.
Package textcomp Info: Setting phv sub-encoding to TS1/4 on input line 290.
Package textcomp Info: Setting ppl sub-encoding to TS1/3 on input line 291.
Package textcomp Info: Setting pag sub-encoding to TS1/4 on input line 292.
Package textcomp Info: Setting pbk sub-encoding to TS1/4 on input line 293.
Package textcomp Info: Setting pnc sub-encoding to TS1/4 on input line 294.
Package textcomp Info: Setting pzc sub-encoding to TS1/4 on input line 295.
Package textcomp Info: Setting bch sub-encoding to TS1/4 on input line 296.
Package textcomp Info: Setting put sub-encoding to TS1/5 on input line 297.
Package textcomp Info: Setting uag sub-encoding to TS1/5 on input line 298.
Package textcomp Info: Setting ugq sub-encoding to TS1/5 on input line 299.
Package textcomp Info: Setting ul8 sub-encoding to TS1/4 on input line 300.
Package textcomp Info: Setting ul9 sub-encoding to TS1/4 on input line 301.
Package textcomp Info: Setting augie sub-encoding to TS1/5 on input line 302.
Package textcomp Info: Setting dayrom sub-encoding to TS1/3 on input line 303.
Package textcomp Info: Setting dayroms sub-encoding to TS1/3 on input line 304.

Package textcomp Info: Setting pxr sub-encoding to TS1/0 on input line 305.
Package textcomp Info: Setting pxss sub-encoding to TS1/0 on input line 306.
Package textcomp Info: Setting pxtt sub-encoding to TS1/0 on input line 307.
Package textcomp Info: Setting txr sub-encoding to TS1/0 on input line 308.
Package textcomp Info: Setting txss sub-encoding to TS1/0 on input line 309.
Package textcomp Info: Setting txtt sub-encoding to TS1/0 on input line 310.
Package textcomp Info: Setting futs sub-encoding to TS1/4 on input line 311.
Package textcomp Info: Setting futx sub-encoding to TS1/4 on input line 312.
Package textcomp Info: Setting futj sub-encoding to TS1/4 on input line 313.
Package textcomp Info: Setting hlh sub-encoding to TS1/3 on input line 314.
Package textcomp Info: Setting hls sub-encoding to TS1/3 on input line 315.
Package textcomp Info: Setting hlst sub-encoding to TS1/3 on input line 316.
Package textcomp Info: Setting hlct sub-encoding to TS1/5 on input line 317.
Package textcomp Info: Setting hlx sub-encoding to TS1/5 on input line 318.
Package textcomp Info: Setting hlce sub-encoding to TS1/5 on input line 319.
Package textcomp Info: Setting hlcn sub-encoding to TS1/5 on input line 320.
Package textcomp Info: Setting hlcw sub-encoding to TS1/5 on input line 321.
Package textcomp Info: Setting hlcf sub-encoding to TS1/5 on input line 322.
Package textcomp Info: Setting pplx sub-encoding to TS1/3 on input line 323.
Package textcomp Info: Setting pplj sub-encoding to TS1/3 on input line 324.
Package textcomp Info: Setting ptmx sub-encoding to TS1/4 on input line 325.
Package textcomp Info: Setting ptmj sub-encoding to TS1/4 on input line 326.
)
(/usr/local/texlive/2011/texmf-dist/tex/latex/fourier/fourier-orns.sty
Package: fourier-orns 2004/01/30 1.1 fourier-ornaments package
)
LaTeX Font Info:    Redeclaring symbol font `operators' on input line 50.
LaTeX Font Info:    Encoding `OT1' has changed to `T1' for symbol font
(Font)              `operators' in the math version `normal' on input line 50.
LaTeX Font Info:    Overwriting symbol font `operators' in version `normal'
(Font)                  OT1/cmr/m/n --> T1/futs/m/n on input line 50.
LaTeX Font Info:    Encoding `OT1' has changed to `T1' for symbol font
(Font)              `operators' in the math version `bold' on input line 50.
LaTeX Font Info:    Overwriting symbol font `operators' in version `bold'
(Font)                  OT1/cmr/bx/n --> T1/futs/m/n on input line 50.
LaTeX Font Info:    Overwriting symbol font `operators' in version `bold'
(Font)                  T1/futs/m/n --> T1/futs/b/n on input line 51.
LaTeX Font Info:    Redeclaring symbol font `letters' on input line 59.
LaTeX Font Info:    Encoding `OML' has changed to `FML' for symbol font
(Font)              `letters' in the math version `normal' on input line 59.
LaTeX Font Info:    Overwriting symbol font `letters' in version `normal'
(Font)                  OML/cmm/m/it --> FML/futmi/m/it on input line 59.
LaTeX Font Info:    Encoding `OML' has changed to `FML' for symbol font
(Font)              `letters' in the math version `bold' on input line 59.
LaTeX Font Info:    Overwriting symbol font `letters' in version `bold'
(Font)                  OML/cmm/b/it --> FML/futmi/m/it on input line 59.
\symotherletters=\mathgroup4
LaTeX Font Info:    Overwriting symbol font `letters' in version `bold'
(Font)                  FML/futmi/m/it --> FML/futmi/b/it on input line 61.
LaTeX Font Info:    Overwriting symbol font `otherletters' in version `bold'
(Font)                  FML/futm/m/it --> FML/futm/b/it on input line 62.
LaTeX Font Info:    Redeclaring math symbol \Gamma on input line 63.
LaTeX Font Info:    Redeclaring math symbol \Delta on input line 64.
LaTeX Font Info:    Redeclaring math symbol \Theta on input line 65.
LaTeX Font Info:    Redeclaring math symbol \Lambda on input line 66.
LaTeX Font Info:    Redeclaring math symbol \Xi on input line 67.
LaTeX Font Info:    Redeclaring math symbol \Pi on input line 68.
LaTeX Font Info:    Redeclaring math symbol \Sigma on input line 69.
LaTeX Font Info:    Redeclaring math symbol \Upsilon on input line 70.
LaTeX Font Info:    Redeclaring math symbol \Phi on input line 71.
LaTeX Font Info:    Redeclaring math symbol \Psi on input line 72.
LaTeX Font Info:    Redeclaring math symbol \Omega on input line 73.
LaTeX Font Info:    Redeclaring symbol font `symbols' on input line 113.
LaTeX Font Info:    Encoding `OMS' has changed to `FMS' for symbol font
(Font)              `symbols' in the math version `normal' on input line 113.
LaTeX Font Info:    Overwriting symbol font `symbols' in version `normal'
(Font)                  OMS/cmsy/m/n --> FMS/futm/m/n on input line 113.
LaTeX Font Info:    Encoding `OMS' has changed to `FMS' for symbol font
(Font)              `symbols' in the math version `bold' on input line 113.
LaTeX Font Info:    Overwriting symbol font `symbols' in version `bold'
(Font)                  OMS/cmsy/b/n --> FMS/futm/m/n on input line 113.
LaTeX Font Info:    Redeclaring symbol font `largesymbols' on input line 114.
LaTeX Font Info:    Encoding `OMX' has changed to `FMX' for symbol font
(Font)              `largesymbols' in the math version `normal' on input line 1
14.
LaTeX Font Info:    Overwriting symbol font `largesymbols' in version `normal'
(Font)                  OMX/cmex/m/n --> FMX/futm/m/n on input line 114.
LaTeX Font Info:    Encoding `OMX' has changed to `FMX' for symbol font
(Font)              `largesymbols' in the math version `bold' on input line 114
.
LaTeX Font Info:    Overwriting symbol font `largesymbols' in version `bold'
(Font)                  OMX/cmex/m/n --> FMX/futm/m/n on input line 114.
LaTeX Font Info:    Redeclaring math alphabet \mathbf on input line 115.
LaTeX Font Info:    Overwriting math alphabet `\mathbf' in version `normal'
(Font)                  OT1/cmr/bx/n --> T1/futs/bx/n on input line 115.
LaTeX Font Info:    Overwriting math alphabet `\mathbf' in version `bold'
(Font)                  OT1/cmr/bx/n --> T1/futs/bx/n on input line 115.
LaTeX Font Info:    Redeclaring math alphabet \mathrm on input line 116.
LaTeX Font Info:    Redeclaring math alphabet \mathit on input line 117.
LaTeX Font Info:    Overwriting math alphabet `\mathit' in version `normal'
(Font)                  OT1/cmr/m/it --> T1/futs/m/it on input line 117.
LaTeX Font Info:    Overwriting math alphabet `\mathit' in version `bold'
(Font)                  OT1/cmr/bx/it --> T1/futs/m/it on input line 117.
LaTeX Font Info:    Redeclaring math alphabet \mathcal on input line 118.
LaTeX Font Info:    Redeclaring math symbol \parallel on input line 134.
LaTeX Font Info:    Redeclaring math symbol \hbar on input line 148.
LaTeX Font Info:    Redeclaring math symbol \varkappa on input line 186.
LaTeX Font Info:    Redeclaring math symbol \varvarrho on input line 187.
LaTeX Font Info:    Redeclaring math delimiter \Vert on input line 210.
LaTeX Font Info:    Redeclaring math delimiter \vert on input line 215.
LaTeX Font Info:    Redeclaring math delimiter \Downarrow on input line 225.
LaTeX Font Info:    Redeclaring math delimiter \backslash on input line 227.
LaTeX Font Info:    Redeclaring math delimiter \rangle on input line 229.
LaTeX Font Info:    Redeclaring math delimiter \langle on input line 231.
LaTeX Font Info:    Redeclaring math delimiter \rbrace on input line 233.
LaTeX Font Info:    Redeclaring math delimiter \lbrace on input line 235.
LaTeX Font Info:    Redeclaring math delimiter \rceil on input line 237.
LaTeX Font Info:    Redeclaring math delimiter \lceil on input line 239.
LaTeX Font Info:    Redeclaring math delimiter \rfloor on input line 241.
LaTeX Font Info:    Redeclaring math delimiter \lfloor on input line 243.
LaTeX Font Info:    Redeclaring math accent \acute on input line 247.
LaTeX Font Info:    Redeclaring math accent \grave on input line 248.
LaTeX Font Info:    Redeclaring math accent \ddot on input line 249.
LaTeX Font Info:    Redeclaring math accent \tilde on input line 250.
LaTeX Font Info:    Redeclaring math accent \bar on input line 251.
LaTeX Font Info:    Redeclaring math accent \breve on input line 252.
LaTeX Font Info:    Redeclaring math accent \check on input line 253.
LaTeX Font Info:    Redeclaring math accent \hat on input line 254.
LaTeX Font Info:    Redeclaring math accent \dot on input line 255.
LaTeX Font Info:    Redeclaring math accent \mathring on input line 256.
\symUfutm=\mathgroup5
)
(./luximono.sty
Package: luximono 2004/01/26 loading LuxiMono as tt font (WaS)
)
(/usr/local/texlive/2011/texmf-dist/tex/latex/bera/berasans.sty
Package: berasans 2004/01/30 (WaS)
)
LaTeX Font Info:    Try loading font information for T1+futs on input line 33.

(/usr/local/texlive/2011/texmf-dist/tex/latex/fourier/t1futs.fd
File: t1futs.fd 2004/03/02 Fontinst v1.926 font definitions for T1/futs.
)
LaTeX Font Info:    Try loading font information for T1+fvs on input line 33.

(/usr/local/texlive/2011/texmf-dist/tex/latex/bera/t1fvs.fd
File: t1fvs.fd 2004/09/07 scalable font definitions for T1/fvs.
)
LaTeX Font Info:    Font shape `T1/fvs/m/n' will be
(Font)              scaled to size 22.39185pt on input line 33.

(/usr/local/texlive/2011/texmf-dist/tex/latex/hyperref/hyperref.sty
Package: hyperref 2011/04/17 v6.82g Hypertext links for LaTeX

(/usr/local/texlive/2011/texmf-dist/tex/generic/oberdiek/hobsub-hyperref.sty
Package: hobsub-hyperref 2011/04/23 v1.4 Bundle oberdiek, subset hyperref (HO)

(/usr/local/texlive/2011/texmf-dist/tex/generic/oberdiek/hobsub-generic.sty
Package: hobsub-generic 2011/04/23 v1.4 Bundle oberdiek, subset generic (HO)
Package: hobsub 2011/04/23 v1.4 Subsetting bundle oberdiek (HO)
Package hobsub Info: Skipping package `infwarerr' (already loaded).
Package: ltxcmds 2011/04/18 v1.20 LaTeX kernel commands for general use (HO)
Package hobsub Info: Skipping package `ifluatex' (already loaded).
Package: ifvtex 2010/03/01 v1.5 Switches for detecting VTeX and its modes (HO)
Package ifvtex Info: VTeX not detected.
Package: intcalc 2007/09/27 v1.1 Expandable integer calculations (HO)
Package hobsub Info: Skipping package `ifpdf' (already loaded).
Package hobsub Info: Skipping package `etexcmds' (already loaded).
Package hobsub Info: Skipping package `kvsetkeys' (already loaded).
Package: kvdefinekeys 2011/04/07 v1.3 Defining keys (HO)
Package: pdftexcmds 2011/04/22 v0.16 Utilities of pdfTeX for LuaTeX (HO)
Package pdftexcmds Info: LuaTeX not detected.
Package pdftexcmds Info: \pdf@primitive is available.
Package pdftexcmds Info: \pdf@ifprimitive is available.
Package pdftexcmds Info: \pdfdraftmode is ignored in DVI mode.
Package: pdfescape 2011/04/04 v1.12 Provides string conversions (HO)
Package: bigintcalc 2011/01/30 v1.2 Expandable big integer calculations (HO)
Package: bitset 2011/01/30 v1.1 Data type bit set (HO)
Package: uniquecounter 2011/01/30 v1.2 Provides unlimited unique counter (HO)
)
Package hobsub Info: Skipping package `hobsub' (already loaded).
Package: letltxmacro 2010/09/02 v1.4 Let assignment for LaTeX macros (HO)
Package: hopatch 2011/01/30 v1.0 Wrapper for package hooks (HO)
Package: xcolor-patch 2011/01/30 xcolor patch
Package: atveryend 2011/04/23 v1.7 Hooks at very end of document (HO)
Package atveryend Info: \enddocument detected (standard).
Package: atbegshi 2011/01/30 v1.15 At begin shipout hook (HO)
Package: refcount 2010/12/01 v3.2 Data extraction from references (HO)
Package: hycolor 2011/01/30 v1.7 Color options of hyperref/bookmark (HO)
)
(/usr/local/texlive/2011/texmf-dist/tex/latex/oberdiek/kvoptions.sty
Package: kvoptions 2010/12/23 v3.10 Keyval support for LaTeX options (HO)
)
\@linkdim=\dimen160
\Hy@linkcounter=\count159
\Hy@pagecounter=\count160

(/usr/local/texlive/2011/texmf-dist/tex/latex/hyperref/pd1enc.def
File: pd1enc.def 2011/04/17 v6.82g Hyperref: PDFDocEncoding definition (HO)
)
\Hy@SavedSpaceFactor=\count161

(/usr/local/texlive/2011/texmf-dist/tex/latex/latexconfig/hyperref.cfg
File: hyperref.cfg 2002/06/06 v1.2 hyperref configuration of TeXLive
)
Package hyperref Info: Option `unicode' set `true' on input line 3905.

(/usr/local/texlive/2011/texmf-dist/tex/latex/hyperref/puenc.def
File: puenc.def 2011/04/17 v6.82g Hyperref: PDF Unicode definition (HO)
)
Package hyperref Info: Option `pdfusetitle' set `true' on input line 3905.
Package hyperref Info: Option `bookmarks' set `true' on input line 3905.
Package hyperref Info: Option `bookmarksnumbered' set `true' on input line 3905
.
Package hyperref Info: Option `bookmarksopen' set `true' on input line 3905.
Package hyperref Info: Option `breaklinks' set `false' on input line 3905.
Package hyperref Info: Option `colorlinks' set `false' on input line 3905.
Package hyperref Info: Hyper figures OFF on input line 4026.
Package hyperref Info: Link nesting OFF on input line 4031.
Package hyperref Info: Hyper index ON on input line 4034.
Package hyperref Info: Plain pages OFF on input line 4041.
Package hyperref Info: Backreferencing OFF on input line 4046.
Package hyperref Info: Implicit mode ON; LaTeX internals redefined.
Package hyperref Info: Bookmarks ON on input line 4264.
\c@Hy@tempcnt=\count162
LaTeX Info: Redefining \url on input line 4617.
\Fld@menulength=\count163
\Field@Width=\dimen161
\Fld@charsize=\dimen162
Package hyperref Info: Hyper figures OFF on input line 5701.
Package hyperref Info: Link nesting OFF on input line 5706.
Package hyperref Info: Hyper index ON on input line 5709.
Package hyperref Info: backreferencing OFF on input line 5716.
Package hyperref Info: Link coloring OFF on input line 5721.
Package hyperref Info: Link coloring with OCG OFF on input line 5726.
Package hyperref Info: PDF/A mode OFF on input line 5731.
LaTeX Info: Redefining \ref on input line 5771.
LaTeX Info: Redefining \pageref on input line 5775.
\Hy@abspage=\count164
\c@Item=\count165
)
(/usr/local/texlive/2011/texmf-dist/tex/latex/memoir/memhfixc.sty
Package: memhfixc 2010/08/17 v1.15 nameref/hyperref package fixes for memoir cl
ass
\c@memhycontfloat=\count166
)

Package hyperref Message: Driver (default): hdvips.

(/usr/local/texlive/2011/texmf-dist/tex/latex/hyperref/hdvips.def
File: hdvips.def 2011/04/17 v6.82g Hyperref driver for dvips

(/usr/local/texlive/2011/texmf-dist/tex/latex/hyperref/pdfmark.def
File: pdfmark.def 2011/04/17 v6.82g Hyperref definitions for pdfmark specials
\pdf@docset=\toks27
\pdf@box=\box56
\pdf@toks=\toks28
\pdf@defaulttoks=\toks29
\Fld@listcount=\count167
\c@bookmark@seq@number=\count168

(/usr/local/texlive/2011/texmf-dist/tex/latex/oberdiek/rerunfilecheck.sty
Package: rerunfilecheck 2011/04/15 v1.7 Rerun checks for auxiliary files (HO)
Package uniquecounter Info: New unique counter `rerunfilecheck' on input line 2
82.
)
\Hy@SectionHShift=\skip190
))
(./Reference.aux)
\openout1 = `Reference.aux'.

LaTeX Font Info:    Checking defaults for OML/cmm/m/it on input line 52.
LaTeX Font Info:    ... okay on input line 52.
LaTeX Font Info:    Checking defaults for T1/cmr/m/n on input line 52.
LaTeX Font Info:    ... okay on input line 52.
LaTeX Font Info:    Checking defaults for OT1/cmr/m/n on input line 52.
LaTeX Font Info:    ... okay on input line 52.
LaTeX Font Info:    Checking defaults for OMS/cmsy/m/n on input line 52.
LaTeX Font Info:    ... okay on input line 52.
LaTeX Font Info:    Checking defaults for OMX/cmex/m/n on input line 52.
LaTeX Font Info:    ... okay on input line 52.
LaTeX Font Info:    Checking defaults for U/cmr/m/n on input line 52.
LaTeX Font Info:    ... okay on input line 52.
LaTeX Font Info:    Checking defaults for FML/futm/m/it on input line 52.
LaTeX Font Info:    Try loading font information for FML+futm on input line 52.


(/usr/local/texlive/2011/texmf-dist/tex/latex/fourier/fmlfutm.fd
File: fmlfutm.fd 2004/10/30 Fontinst v1.926 font definitions for FML/futm.
)
LaTeX Font Info:    ... okay on input line 52.
LaTeX Font Info:    Checking defaults for FMS/futm/m/n on input line 52.
LaTeX Font Info:    Try loading font information for FMS+futm on input line 52.


(/usr/local/texlive/2011/texmf-dist/tex/latex/fourier/fmsfutm.fd
File: fmsfutm.fd 2004/10/30 Fontinst v1.926 font definitions for FMS/futm.
)
LaTeX Font Info:    ... okay on input line 52.
LaTeX Font Info:    Checking defaults for FMX/futm/m/n on input line 52.
LaTeX Font Info:    Try loading font information for FMX+futm on input line 52.


(/usr/local/texlive/2011/texmf-dist/tex/latex/fourier/fmxfutm.fd
File: fmxfutm.fd futm-extension
)
LaTeX Font Info:    ... okay on input line 52.
LaTeX Font Info:    Checking defaults for TS1/cmr/m/n on input line 52.
LaTeX Font Info:    Try loading font information for TS1+cmr on input line 52.

(/usr/local/texlive/2011/texmf-dist/tex/latex/base/ts1cmr.fd
File: ts1cmr.fd 1999/05/25 v2.5h Standard LaTeX font definitions
)
LaTeX Font Info:    ... okay on input line 52.
LaTeX Font Info:    Checking defaults for PD1/pdf/m/n on input line 52.
LaTeX Font Info:    ... okay on input line 52.
LaTeX Font Info:    Checking defaults for PU/pdf/m/n on input line 52.
LaTeX Font Info:    ... okay on input line 52.
\AtBeginShipoutBox=\box57
Package hyperref Info: Link coloring OFF on input line 52.

(/usr/local/texlive/2011/texmf-dist/tex/latex/hyperref/nameref.sty
Package: nameref 2010/04/30 v2.40 Cross-referencing by name of section

(/usr/local/texlive/2011/texmf-dist/tex/generic/oberdiek/gettitlestring.sty
Package: gettitlestring 2010/12/03 v1.4 Cleanup title references (HO)
)
\c@section@level=\count169
)
Redoing nameref's sectioning
Redoing nameref's label
LaTeX Info: Redefining \nameref on input line 52.
LaTeX Info: Redefining \ref on input line 52.
LaTeX Info: Redefining \pageref on input line 52.
LaTeX Info: Redefining \nameref on input line 52.
(./Reference.out) (./Reference.out)
\@outlinefile=\write5
\openout5 = `Reference.out'.

LaTeX Font Info:    Font shape `T1/futs/bx/n' in size <17.28> not available
(Font)              Font shape `T1/futs/b/n' tried instead on input line 61.
LaTeX Font Info:    Try loading font information for FML+futmi on input line 61
.

(/usr/local/texlive/2011/texmf-dist/tex/latex/fourier/fmlfutmi.fd
File: fmlfutmi.fd 2004/10/30 Fontinst v1.926 font definitions for FML/futmi.
)
LaTeX Font Info:    Font shape `FMX/futm/m/n' will be
(Font)              scaled to size 11.03998pt on input line 61.
LaTeX Font Info:    Font shape `FMX/futm/m/n' will be
(Font)              scaled to size 8.27998pt on input line 61.
LaTeX Font Info:    Font shape `FMX/futm/m/n' will be
(Font)              scaled to size 6.43999pt on input line 61.
LaTeX Font Info:    Font shape `U/futm/m/n' will be
(Font)              scaled to size 11.03998pt on input line 61.
LaTeX Font Info:    Font shape `U/futm/m/n' will be
(Font)              scaled to size 8.27998pt on input line 61.
LaTeX Font Info:    Font shape `U/futm/m/n' will be
(Font)              scaled to size 6.43999pt on input line 61.


LaTeX Warning: No \author given.

LaTeX Font Info:    Font shape `T1/futs/bx/n' in size <14.4> not available
(Font)              Font shape `T1/futs/b/n' tried instead on input line 63.

Underfull \hbox (badness 10000) in paragraph at lines 63--65

 []


Underfull \hbox (badness 10000) in paragraph at lines 66--68

 []

LaTeX Font Info:    Font shape `T1/futs/bx/n' in size <10.95> not available
(Font)              Font shape `T1/futs/b/n' tried instead on input line 73.
[1

] (./Reference.toc
LaTeX Font Info:    Font shape `FMX/futm/m/n' will be
(Font)              scaled to size 10.07397pt on input line 2.
LaTeX Font Info:    Font shape `FMX/futm/m/n' will be
(Font)              scaled to size 7.63599pt on input line 2.
LaTeX Font Info:    Font shape `FMX/futm/m/n' will be
(Font)              scaled to size 5.51999pt on input line 2.
LaTeX Font Info:    Font shape `U/futm/m/n' will be
(Font)              scaled to size 10.07397pt on input line 2.
LaTeX Font Info:    Font shape `U/futm/m/n' will be
(Font)              scaled to size 7.63599pt on input line 2.
LaTeX Font Info:    Font shape `U/futm/m/n' will be
(Font)              scaled to size 5.51999pt on input line 2.
 [2]
Overfull \hbox (1.09499pt too wide) detected at line 57
 \T1/futs/m/n/10.95 101
 []


Overfull \hbox (1.09499pt too wide) detected at line 58
 \T1/futs/m/n/10.95 103
 []


Overfull \hbox (1.09499pt too wide) detected at line 59
 \T1/futs/m/n/10.95 105
 []


Overfull \hbox (1.09499pt too wide) detected at line 60
 \T1/futs/m/n/10.95 107
 []


Overfull \hbox (1.98195pt too wide) detected at line 61
 \T1/futs/b/n/10.95 109
 []


Overfull \hbox (1.09499pt too wide) detected at line 62
 \T1/futs/m/n/10.95 109
 []


Overfull \hbox (1.09499pt too wide) detected at line 63
 \T1/futs/m/n/10.95 111
 []


Overfull \hbox (1.09499pt too wide) detected at line 64
 \T1/futs/m/n/10.95 113
 []


Overfull \hbox (1.09499pt too wide) detected at line 65
 \T1/futs/m/n/10.95 115
 []


Overfull \hbox (1.09499pt too wide) detected at line 66
 \T1/futs/m/n/10.95 117
 []


Overfull \hbox (1.09499pt too wide) detected at line 67
 \T1/futs/m/n/10.95 119
 []


Overfull \hbox (1.09499pt too wide) detected at line 68
 \T1/futs/m/n/10.95 122
 []


Overfull \hbox (1.09499pt too wide) detected at line 69
 \T1/futs/m/n/10.95 125
 []


Overfull \hbox (1.98195pt too wide) detected at line 70
 \T1/futs/b/n/10.95 127
 []


Overfull \hbox (1.09499pt too wide) detected at line 71
 \T1/futs/m/n/10.95 127
 []


Overfull \hbox (1.09499pt too wide) detected at line 72
 \T1/futs/m/n/10.95 129
 []


Overfull \hbox (1.09499pt too wide) detected at line 73
 \T1/futs/m/n/10.95 131
 []


Overfull \hbox (1.09499pt too wide) detected at line 74
 \T1/futs/m/n/10.95 133
 []


Overfull \hbox (1.09499pt too wide) detected at line 75
 \T1/futs/m/n/10.95 134
 []


Overfull \hbox (1.09499pt too wide) detected at line 76
 \T1/futs/m/n/10.95 135
 []


Overfull \hbox (1.09499pt too wide) detected at line 77
 \T1/futs/m/n/10.95 137
 []


Overfull \hbox (1.09499pt too wide) detected at line 78
 \T1/futs/m/n/10.95 138
 []


Overfull \hbox (1.09499pt too wide) detected at line 79
 \T1/futs/m/n/10.95 140
 []


Overfull \hbox (1.09499pt too wide) detected at line 80
 \T1/futs/m/n/10.95 144
 []


Overfull \hbox (1.98195pt too wide) detected at line 81
 \T1/futs/b/n/10.95 146
 []


Overfull \hbox (1.09499pt too wide) detected at line 82
 \T1/futs/m/n/10.95 146
 []


Overfull \hbox (1.09499pt too wide) detected at line 83
 \T1/futs/m/n/10.95 148
 []


Overfull \hbox (1.09499pt too wide) detected at line 84
 \T1/futs/m/n/10.95 150
 []


Overfull \hbox (1.09499pt too wide) detected at line 85
 \T1/futs/m/n/10.95 152
 []


Overfull \hbox (1.09499pt too wide) detected at line 86
 \T1/futs/m/n/10.95 153
 []


Overfull \hbox (1.09499pt too wide) detected at line 87
 \T1/futs/m/n/10.95 154
 []


Overfull \hbox (1.09499pt too wide) detected at line 88
 \T1/futs/m/n/10.95 156
 []


Overfull \hbox (1.09499pt too wide) detected at line 89
 \T1/futs/m/n/10.95 158
 []


Overfull \hbox (1.09499pt too wide) detected at line 90
 \T1/futs/m/n/10.95 160
 []


Overfull \hbox (1.09499pt too wide) detected at line 91
 \T1/futs/m/n/10.95 162
 []


Overfull \hbox (1.98195pt too wide) detected at line 92
 \T1/futs/b/n/10.95 166
 []


Overfull \hbox (1.09499pt too wide) detected at line 93
 \T1/futs/m/n/10.95 166
 []


Overfull \hbox (1.09499pt too wide) detected at line 94
 \T1/futs/m/n/10.95 168
 []


Overfull \hbox (1.09499pt too wide) detected at line 95
 \T1/futs/m/n/10.95 170
 []


Overfull \hbox (1.98195pt too wide) detected at line 96
 \T1/futs/b/n/10.95 172
 []

[3]
Overfull \hbox (1.09499pt too wide) detected at line 97
 \T1/futs/m/n/10.95 172
 []


Overfull \hbox (1.09499pt too wide) detected at line 98
 \T1/futs/m/n/10.95 173
 []


Overfull \hbox (1.09499pt too wide) detected at line 99
 \T1/futs/m/n/10.95 174
 []


Overfull \hbox (1.09499pt too wide) detected at line 100
 \T1/futs/m/n/10.95 175
 []


Overfull \hbox (1.09499pt too wide) detected at line 101
 \T1/futs/m/n/10.95 177
 []


Overfull \hbox (1.09499pt too wide) detected at line 102
 \T1/futs/m/n/10.95 178
 []


Overfull \hbox (1.09499pt too wide) detected at line 103
 \T1/futs/m/n/10.95 179
 []


Overfull \hbox (1.09499pt too wide) detected at line 104
 \T1/futs/m/n/10.95 180
 []


Overfull \hbox (1.09499pt too wide) detected at line 105
 \T1/futs/m/n/10.95 181
 []


Overfull \hbox (1.09499pt too wide) detected at line 106
 \T1/futs/m/n/10.95 182
 []


Overfull \hbox (1.09499pt too wide) detected at line 107
 \T1/futs/m/n/10.95 183
 []


Overfull \hbox (1.09499pt too wide) detected at line 108
 \T1/futs/m/n/10.95 184
 []


Overfull \hbox (1.09499pt too wide) detected at line 109
 \T1/futs/m/n/10.95 185
 []


Overfull \hbox (1.09499pt too wide) detected at line 110
 \T1/futs/m/n/10.95 186
 []


Overfull \hbox (1.09499pt too wide) detected at line 111
 \T1/futs/m/n/10.95 188
 []

) [4]
LaTeX Font Info:    Font shape `T1/fvs/m/n' will be
(Font)              scaled to size 18.66588pt on input line 94.
LaTeX Font Info:    Font shape `T1/futs/bx/n' in size <12> not available
(Font)              Font shape `T1/futs/b/n' tried instead on input line 103.
LaTeX Font Info:    Try loading font information for TS1+futs on input line 107
.
 (/usr/local/texlive/2011/texmf-dist/tex/latex/fourier/ts1futs.fd
File: ts1futs.fd 2004/03/26 Fontinst v1.926 font definitions for TS1/futs.
)
LaTeX Font Info:    Try loading font information for T1+ul9 on input line 118.

(/usr/local/texlive/2011/../texmf-local/tex/latex/luxi/t1ul9.fd
File: t1ul9.fd 2003/03/02 font definitions for LuxiMono T1/ul9
)
LaTeX Font Info:    Font shape `T1/ul9/m/n' will be
(Font)              scaled to size 9.52644pt on input line 118.
 [5

] [6]

LaTeX Warning: Characters dropped after `\end{verbatim}' on input line 213.


LaTeX Warning: Characters dropped after `\end{verbatim}' on input line 238.

[7] [8]

LaTeX Warning: Characters dropped after `\end{verbatim}' on input line 321.

[9] [10]

LaTeX Warning: Characters dropped after `\end{verbatim}' on input line 417.

[11] [12]

LaTeX Warning: Characters dropped after `\end{verbatim}' on input line 508.


LaTeX Warning: Characters dropped after `\end{verbatim}' on input line 523.

[13] [14]

LaTeX Warning: Characters dropped after `\end{verbatim}' on input line 616.


LaTeX Warning: Characters dropped after `\end{verbatim}' on input line 632.

[15] [16]

LaTeX Warning: Characters dropped after `\end{verbatim}' on input line 730.


LaTeX Warning: Characters dropped after `\end{verbatim}' on input line 749.

[17] [18]
Overfull \hbox (14.12169pt too wide) in paragraph at lines 838--838
[]       \T1/ul9/m/n/10.95 PredictOutput = prediction(ModelOutput, Xnew, 'estim
ation', modelType)[] 
 []


LaTeX Warning: Characters dropped after `\end{verbatim}' on input line 859.


Overfull \hbox (14.12169pt too wide) in paragraph at lines 872--872
[]       \T1/ul9/m/n/10.95 PredictOutput = prediction(ModelOutput, Xnew, 'estim
ation', modelType)[] 
 []

[19]

LaTeX Warning: Characters dropped after `\end{verbatim}' on input line 893.

[20] [21]

LaTeX Warning: Characters dropped after `\end{verbatim}' on input line 988.


LaTeX Warning: Characters dropped after `\end{verbatim}' on input line 1010.

[22] [23

]

LaTeX Warning: Characters dropped after `\end{verbatim}' on input line 1094.

[24] [25]

LaTeX Warning: Characters dropped after `\end{verbatim}' on input line 1174.

[26] [27]

LaTeX Warning: Characters dropped after `\end{verbatim}' on input line 1254.


LaTeX Warning: Characters dropped after `\end{verbatim}' on input line 1260.


LaTeX Warning: Characters dropped after `\end{verbatim}' on input line 1277.

[28] [29] [30]

LaTeX Warning: Characters dropped after `\end{verbatim}' on input line 1445.

[31]

LaTeX Warning: Characters dropped after `\end{verbatim}' on input line 1469.


LaTeX Warning: Characters dropped after `\end{verbatim}' on input line 1480.


LaTeX Warning: Characters dropped after `\end{verbatim}' on input line 1497.

[32]

LaTeX Warning: Characters dropped after `\end{verbatim}' on input line 1513.

[33] [34] [35]

LaTeX Warning: Characters dropped after `\end{verbatim}' on input line 1645.

[36] [37]

LaTeX Warning: Characters dropped after `\end{verbatim}' on input line 1725.

[38]
Overfull \hbox (31.26929pt too wide) in paragraph at lines 1800--1800
[]       \T1/ul9/m/n/10.95 [PredictOutput.value, Y(1, :)']  % Compare the fitte
d value with the data[] 
 []

[39]

LaTeX Warning: Characters dropped after `\end{verbatim}' on input line 1829.

[40]

LaTeX Warning: Characters dropped after `\end{verbatim}' on input line 1860.

[41] [42]

LaTeX Warning: Characters dropped after `\end{verbatim}' on input line 1954.


LaTeX Warning: Characters dropped after `\end{verbatim}' on input line 1965.


LaTeX Warning: Characters dropped after `\end{verbatim}' on input line 1976.


LaTeX Warning: Characters dropped after `\end{verbatim}' on input line 1986.

[43]

LaTeX Warning: Characters dropped after `\end{verbatim}' on input line 2009.


LaTeX Warning: Characters dropped after `\end{verbatim}' on input line 2020.

[44] [45]

LaTeX Warning: Characters dropped after `\end{verbatim}' on input line 2103.


LaTeX Warning: Characters dropped after `\end{verbatim}' on input line 2118.

[46] [47

]

LaTeX Warning: Characters dropped after `\end{verbatim}' on input line 2195.

[48]

LaTeX Warning: Characters dropped after `\end{verbatim}' on input line 2269.

[49] [50]

LaTeX Warning: Characters dropped after `\end{verbatim}' on input line 2348.


LaTeX Warning: Characters dropped after `\end{verbatim}' on input line 2363.

[51] [52] [53]

LaTeX Warning: Characters dropped after `\end{verbatim}' on input line 2516.

[54]

LaTeX Warning: Characters dropped after `\end{verbatim}' on input line 2538.


LaTeX Warning: Characters dropped after `\end{verbatim}' on input line 2553.


LaTeX Warning: Characters dropped after `\end{verbatim}' on input line 2581.

[55] [56] [57]

LaTeX Warning: Characters dropped after `\end{verbatim}' on input line 2708.

[58] [59]

LaTeX Warning: Characters dropped after `\end{verbatim}' on input line 2780.

[60] [61]

LaTeX Warning: Characters dropped after `\end{verbatim}' on input line 2857.


LaTeX Warning: Characters dropped after `\end{verbatim}' on input line 2869.


LaTeX Warning: Characters dropped after `\end{verbatim}' on input line 2884.

[62] [63]

LaTeX Warning: Characters dropped after `\end{verbatim}' on input line 2967.


LaTeX Warning: Characters dropped after `\end{verbatim}' on input line 2981.

[64] [65

]

LaTeX Warning: Characters dropped after `\end{verbatim}' on input line 3062.


LaTeX Warning: Characters dropped after `\end{verbatim}' on input line 3075.

[66] [67]

LaTeX Warning: Characters dropped after `\end{verbatim}' on input line 3165.


LaTeX Warning: Characters dropped after `\end{verbatim}' on input line 3184.


LaTeX Warning: Characters dropped after `\end{verbatim}' on input line 3196.

[68] [69]

LaTeX Warning: Characters dropped after `\end{verbatim}' on input line 3274.

[70] [71

]

LaTeX Warning: Characters dropped after `\end{verbatim}' on input line 3352.

[72] [73]

LaTeX Warning: Characters dropped after `\end{verbatim}' on input line 3427.

[74] [75]

LaTeX Warning: Characters dropped after `\end{verbatim}' on input line 3508.


LaTeX Warning: Characters dropped after `\end{verbatim}' on input line 3526.

[76] [77] [78] [79] [80]

LaTeX Warning: Characters dropped after `\end{verbatim}' on input line 3739.


LaTeX Warning: Characters dropped after `\end{verbatim}' on input line 3777.

[81]
Overfull \hbox (9.17383pt too wide) in paragraph at lines 3786--3788
\T1/futs/m/n/10.95 Select the di-men-sion of the en-ve-lope sub-space us-ing li
ke-li-hood ra-tio test-ing for the het-eroscedas-
 []

[82]

LaTeX Warning: Characters dropped after `\end{verbatim}' on input line 3856.

[83] [84]

LaTeX Warning: Characters dropped after `\end{verbatim}' on input line 3932.

[85] [86]

LaTeX Warning: Characters dropped after `\end{verbatim}' on input line 4033.

[87]

LaTeX Warning: Characters dropped after `\end{verbatim}' on input line 4072.


LaTeX Warning: Characters dropped after `\end{verbatim}' on input line 4098.

[88] [89]

LaTeX Warning: Characters dropped after `\end{verbatim}' on input line 4180.


LaTeX Warning: Characters dropped after `\end{verbatim}' on input line 4196.

[90] [91

]

LaTeX Warning: Characters dropped after `\end{verbatim}' on input line 4275.

[92]

LaTeX Warning: Characters dropped after `\end{verbatim}' on input line 4351.

[93] [94]

LaTeX Warning: Characters dropped after `\end{verbatim}' on input line 4434.


LaTeX Warning: Characters dropped after `\end{verbatim}' on input line 4448.

[95] [96] [97] [98]

LaTeX Warning: Characters dropped after `\end{verbatim}' on input line 4659.

[99]

LaTeX Warning: Characters dropped after `\end{verbatim}' on input line 4692.

[100] [101]

LaTeX Warning: Characters dropped after `\end{verbatim}' on input line 4775.

[102] [103]

LaTeX Warning: Characters dropped after `\end{verbatim}' on input line 4853.

[104]
Overfull \hbox (31.26929pt too wide) in paragraph at lines 4924--4924
[]       \T1/ul9/m/n/10.95 [PredictOutput.value, Y(1, :)']  % Compare the fitte
d value with the data[] 
 []

[105]

LaTeX Warning: Characters dropped after `\end{verbatim}' on input line 4948.


LaTeX Warning: Characters dropped after `\end{verbatim}' on input line 4968.

[106] [107]

LaTeX Warning: Characters dropped after `\end{verbatim}' on input line 5049.


LaTeX Warning: Characters dropped after `\end{verbatim}' on input line 5061.

[108] [109

]

LaTeX Warning: Characters dropped after `\end{verbatim}' on input line 5147.

[110] [111]

LaTeX Warning: Characters dropped after `\end{verbatim}' on input line 5232.

[112] [113]

LaTeX Warning: Characters dropped after `\end{verbatim}' on input line 5322.


LaTeX Warning: Characters dropped after `\end{verbatim}' on input line 5335.

[114] [115]

LaTeX Warning: Characters dropped after `\end{verbatim}' on input line 5425.

[116] [117]

LaTeX Warning: Characters dropped after `\end{verbatim}' on input line 5510.

[118] [119] [120]

LaTeX Warning: Characters dropped after `\end{verbatim}' on input line 5632.


LaTeX Warning: Characters dropped after `\end{verbatim}' on input line 5678.

[121] [122]
Overfull \hbox (25.55342pt too wide) in paragraph at lines 5758--5758
[]       \T1/ul9/m/n/10.95 [PredictOutput.value, Y(1, :)'] % Compare the fitted
 value with the data[] 
 []


LaTeX Warning: Characters dropped after `\end{verbatim}' on input line 5783.

[123]

LaTeX Warning: Characters dropped after `\end{verbatim}' on input line 5804.

[124] [125]

LaTeX Warning: Characters dropped after `\end{verbatim}' on input line 5888.


LaTeX Warning: Characters dropped after `\end{verbatim}' on input line 5904.

[126] [127

]

LaTeX Warning: Characters dropped after `\end{verbatim}' on input line 5985.

[128] [129]

LaTeX Warning: Characters dropped after `\end{verbatim}' on input line 6066.

[130] [131]

LaTeX Warning: Characters dropped after `\end{verbatim}' on input line 6149.


LaTeX Warning: Characters dropped after `\end{verbatim}' on input line 6164.

[132] [133] [134] [135]

LaTeX Warning: Characters dropped after `\end{verbatim}' on input line 6342.

[136] [137]
Overfull \hbox (31.26929pt too wide) in paragraph at lines 6471--6471
[]       \T1/ul9/m/n/10.95 [PredictOutput.value, Y(1, :)']  % Compare the fitte
d value with the data[] 
 []

[138]

LaTeX Warning: Characters dropped after `\end{verbatim}' on input line 6495.


LaTeX Warning: Characters dropped after `\end{verbatim}' on input line 6516.

[139] [140]

LaTeX Warning: Characters dropped after `\end{verbatim}' on input line 6629.

[141]

LaTeX Warning: Characters dropped after `\end{verbatim}' on input line 6653.


LaTeX Warning: Characters dropped after `\end{verbatim}' on input line 6667.


LaTeX Warning: Characters dropped after `\end{verbatim}' on input line 6680.


Overfull \hbox (19.83755pt too wide) in paragraph at lines 6684--6686
[]\T1/ul9/m/n/10.95 This example demonstrates the use of opts.rep. In this exam
ple, the first six
 []


Overfull \hbox (8.40582pt too wide) in paragraph at lines 6684--6686
\T1/ul9/m/n/10.95 responses are measured in mg/ml, and the next responses are m
easured in ug /
 []

[142]

LaTeX Warning: Characters dropped after `\end{verbatim}' on input line 6696.


LaTeX Warning: Characters dropped after `\end{verbatim}' on input line 6720.


Overfull \hbox (82.71208pt too wide) in paragraph at lines 6728--6728
[]   \T1/ul9/m/n/10.95 1.0000         0         0         0         0         0
         0         0         0[] 
 []


Overfull \hbox (82.71208pt too wide) in paragraph at lines 6729--6729
[]        \T1/ul9/m/n/10.95 0    1.0000         0         0         0         0
         0         0         0[] 
 []


Overfull \hbox (82.71208pt too wide) in paragraph at lines 6730--6730
[]        \T1/ul9/m/n/10.95 0         0    1.0000         0         0         0
         0         0         0[] 
 []


Overfull \hbox (82.71208pt too wide) in paragraph at lines 6731--6731
[]        \T1/ul9/m/n/10.95 0         0         0    1.0000         0         0
         0         0         0[] 
 []


Overfull \hbox (82.71208pt too wide) in paragraph at lines 6732--6732
[]        \T1/ul9/m/n/10.95 0         0         0         0    1.0000         0
         0         0         0[] 
 []


Overfull \hbox (82.71208pt too wide) in paragraph at lines 6733--6733
[]        \T1/ul9/m/n/10.95 0         0         0         0         0    1.0000
         0         0         0[] 
 []


Overfull \hbox (82.71208pt too wide) in paragraph at lines 6734--6734
[]        \T1/ul9/m/n/10.95 0         0         0         0         0         0
    0.4356         0         0[] 
 []


Overfull \hbox (82.71208pt too wide) in paragraph at lines 6735--6735
[]        \T1/ul9/m/n/10.95 0         0         0         0         0         0
         0    0.4356         0[] 
 []


Overfull \hbox (82.71208pt too wide) in paragraph at lines 6736--6736
[]        \T1/ul9/m/n/10.95 0         0         0         0         0         0
         0         0    0.4356[] 
 []


LaTeX Warning: Characters dropped after `\end{verbatim}' on input line 6737.

[143] [144]

LaTeX Warning: Characters dropped after `\end{verbatim}' on input line 6821.


LaTeX Warning: Characters dropped after `\end{verbatim}' on input line 6835.

[145] [146

]

LaTeX Warning: Characters dropped after `\end{verbatim}' on input line 6915.

[147] [148]

LaTeX Warning: Characters dropped after `\end{verbatim}' on input line 6993.

[149] [150]

LaTeX Warning: Characters dropped after `\end{verbatim}' on input line 7076.


LaTeX Warning: Characters dropped after `\end{verbatim}' on input line 7092.

[151] [152] [153] [154]

LaTeX Warning: Characters dropped after `\end{verbatim}' on input line 7272.

[155] [156]

LaTeX Warning: Characters dropped after `\end{verbatim}' on input line 7350.

[157]
Overfull \hbox (31.26929pt too wide) in paragraph at lines 7422--7422
[]       \T1/ul9/m/n/10.95 [PredictOutput.value, Y(1, :)']  % Compare the fitte
d value with the data[] 
 []

[158]

LaTeX Warning: Characters dropped after `\end{verbatim}' on input line 7440.


LaTeX Warning: Characters dropped after `\end{verbatim}' on input line 7459.

[159] [160]

LaTeX Warning: Characters dropped after `\end{verbatim}' on input line 7543.


LaTeX Warning: Characters dropped after `\end{verbatim}' on input line 7557.

[161] [162]
Overfull \hbox (14.12169pt too wide) in paragraph at lines 7665--7665
[]       \T1/ul9/m/n/10.95 % When u = p, the envelope model reduces to the ordi
nary least squares[] 
 []

[163]

LaTeX Warning: Characters dropped after `\end{verbatim}' on input line 7680.


LaTeX Warning: Characters dropped after `\end{verbatim}' on input line 7706.

[164]

LaTeX Warning: Characters dropped after `\end{verbatim}' on input line 7731.


Overfull \hbox (31.26929pt too wide) in paragraph at lines 7734--7734
[]       \T1/ul9/m/n/10.95 %  To compare with the results obtained by Partial L
east Squares, use the[] 
 []


LaTeX Warning: Characters dropped after `\end{verbatim}' on input line 7763.

[165] [166

]

LaTeX Warning: Characters dropped after `\end{verbatim}' on input line 7844.


LaTeX Warning: Characters dropped after `\end{verbatim}' on input line 7856.

[167] [168]

LaTeX Warning: Characters dropped after `\end{verbatim}' on input line 7933.

[169] [170]

LaTeX Warning: Characters dropped after `\end{verbatim}' on input line 8023.


LaTeX Warning: Characters dropped after `\end{verbatim}' on input line 8040.


LaTeX Warning: Characters dropped after `\end{verbatim}' on input line 8051.

[171] [172

]
Overfull \hbox (12.82018pt too wide) in paragraph at lines 8144--8146
\T1/futs/m/n/10.95 The con-trac-tion and ex-pan-sion ma-tri-ces are links be-tw
een the "vec" op-er-a-tor and "vech"operator:
 []

[173] [174] [175]

LaTeX Warning: Characters dropped after `\end{verbatim}' on input line 8292.

[176]

LaTeX Warning: Characters dropped after `\end{verbatim}' on input line 8372.

[177] [178] [179] [180] [181] [182]
Overfull \hbox (62.98167pt too wide) in paragraph at lines 8688--8689
[]\T1/futs/m/n/10.95 FParameters: A struc-ture that con-tains data pa-ram-e-ter
s as in-put for the func-tion dfun_method_handle. 
 []

[183]
Overfull \hbox (56.95918pt too wide) in paragraph at lines 8738--8739
[]\T1/futs/m/n/10.95 FParameters: A struc-ture that con-tains data pa-ram-e-ter
s as in-put for the func-tion fun_method_handle. 
 []

[184] [185] [186]
Overfull \hbox (2.18777pt too wide) in paragraph at lines 8886--8888
\T1/futs/m/n/10.95 This func-tion com-putes statis-tics that will be used fre-q
uently in the es-ti-ma-tion for each method.
 []

[187]
Overfull \hbox (0.61105pt too wide) in paragraph at lines 8953--8959
\T1/futs/m/n/10.95 Trujillo-Ortiz, A., R. Hernandez-Walls, K. Castro-Morales, A
. Espinoza-Tenorio, A. Guia-Ramirez
 []

[188]

LaTeX Warning: Characters dropped after `\end{verbatim}' on input line 8975.


FiXme Summary: Number of notes: 0,
(FiXme)        Number of warnings: 0,
(FiXme)        Number of errors: 0,
(FiXme)        Number of fatal errors: 0,
(FiXme)        Total: 0.

[189]
\tf@toc=\write6
\openout6 = `Reference.toc'.

Package atveryend Info: Empty hook `BeforeClearDocument' on input line 8978.
Package atveryend Info: Empty hook `AfterLastShipout' on input line 8978.
 (./Reference.aux)
Package atveryend Info: Empty hook `AtVeryEndDocument' on input line 8978.
Package atveryend Info: Executing hook `AtEndAfterFileList' on input line 8978.

Package rerunfilecheck Info: File `Reference.out' has not changed.
(rerunfilecheck)             Checksum: 73DAB0F2CAA14F2D71C7492B9944C6D3;13798.
Package atveryend Info: Empty hook `AtVeryVeryEnd' on input line 8978.
 ) 
Here is how much of TeX's memory you used:
 11724 strings out of 493634
 165339 string characters out of 3143401
 312270 words of memory out of 3000000
 14896 multiletter control sequences out of 15000+200000
 94238 words of font info for 66 fonts, out of 3000000 for 9000
 831 hyphenation exceptions out of 8191
 36i,12n,60p,792b,464s stack positions out of 5000i,500n,10000p,200000b,50000s

Output written on Reference.dvi (189 pages, 626940 bytes).
