\BOOKMARK [0][]{section*.1}{\376\377\000C\000o\000n\000t\000e\000n\000t\000s}{}% 1
\BOOKMARK [0][]{chapter.1}{\376\377\0001\000\040\000O\000v\000e\000r\000v\000i\000e\000w}{}% 2
\BOOKMARK [1][]{section.1.1}{\376\377\0001\000.\0001\000\040\000T\000e\000c\000h\000n\000i\000c\000a\000l\000\040\000S\000u\000p\000p\000o\000r\000t}{chapter.1}% 3
\BOOKMARK [1][]{section.1.2}{\376\377\0001\000.\0002\000\040\000D\000i\000r\000e\000c\000t\000o\000r\000y\000\040\000S\000t\000r\000u\000c\000t\000u\000r\000e}{chapter.1}% 4
\BOOKMARK [1][]{section.1.3}{\376\377\0001\000.\0003\000\040\000D\000o\000c\000u\000m\000e\000n\000t\000\040\000O\000r\000g\000a\000n\000i\000z\000a\000t\000i\000o\000n}{chapter.1}% 5
\BOOKMARK [0][]{chapter.2}{\376\377\0002\000\040\000Q\000u\000i\000c\000k\000\040\000S\000t\000a\000r\000t}{}% 6
\BOOKMARK [1][]{section.2.1}{\376\377\0002\000.\0001\000\040\000I\000n\000s\000t\000a\000l\000l\000a\000t\000i\000o\000n}{chapter.2}% 7
\BOOKMARK [1][]{section.2.2}{\376\377\0002\000.\0002\000\040\000A\000\040\000G\000u\000i\000d\000e\000d\000\040\000T\000o\000u\000r}{chapter.2}% 8
\BOOKMARK [1][]{section.2.3}{\376\377\0002\000.\0003\000\040\000T\000w\000o\000\040\000e\000x\000a\000m\000p\000l\000e\000s}{chapter.2}% 9
\BOOKMARK [0][]{chapter.3}{\376\377\0003\000\040\000E\000n\000v\000e\000l\000o\000p\000e\000\040\000M\000o\000d\000e\000l\000s}{}% 10
\BOOKMARK [1][]{section.3.1}{\376\377\0003\000.\0001\000\040\000M\000u\000l\000t\000i\000v\000a\000r\000i\000a\000t\000e\000\040\000L\000i\000n\000e\000a\000r\000\040\000R\000e\000g\000r\000e\000s\000s\000i\000o\000n}{chapter.3}% 11
\BOOKMARK [1][]{section.3.2}{\376\377\0003\000.\0002\000\040\000E\000n\000v\000e\000l\000o\000p\000e\000\040\000M\000o\000d\000e\000l}{chapter.3}% 12
\BOOKMARK [1][]{section.3.3}{\376\377\0003\000.\0003\000\040\000E\000n\000v\000e\000l\000o\000p\000e\000\040\000M\000o\000d\000e\000l\000\040\000U\000s\000i\000n\000g\000\040\000S\000e\000q\000u\000e\000n\000t\000i\000a\000l\000\040\000A\000l\000g\000o\000r\000i\000t\000h\000m}{chapter.3}% 13
\BOOKMARK [1][]{section.3.4}{\376\377\0003\000.\0004\000\040\000H\000e\000t\000e\000r\000o\000s\000c\000e\000d\000a\000s\000t\000i\000c\000\040\000E\000n\000v\000e\000l\000o\000p\000e\000\040\000M\000o\000d\000e\000l}{chapter.3}% 14
\BOOKMARK [1][]{section.3.5}{\376\377\0003\000.\0005\000\040\000I\000n\000n\000e\000r\000\040\000E\000n\000v\000e\000l\000o\000p\000e\000\040\000M\000o\000d\000e\000l}{chapter.3}% 15
\BOOKMARK [1][]{section.3.6}{\376\377\0003\000.\0006\000\040\000P\000a\000r\000t\000i\000a\000l\000\040\000E\000n\000v\000e\000l\000o\000p\000e\000\040\000M\000o\000d\000e\000l}{chapter.3}% 16
\BOOKMARK [1][]{section.3.7}{\376\377\0003\000.\0007\000\040\000S\000c\000a\000l\000e\000d\000\040\000E\000n\000v\000e\000l\000o\000p\000e\000\040\000M\000o\000d\000e\000l}{chapter.3}% 17
\BOOKMARK [1][]{section.3.8}{\376\377\0003\000.\0008\000\040\000E\000n\000v\000e\000l\000o\000p\000e\000\040\000M\000o\000d\000e\000l\000\040\000i\000n\000\040\000t\000h\000e\000\040\000P\000r\000e\000d\000i\000c\000t\000o\000r\000\040\000S\000p\000a\000c\000e}{chapter.3}% 18
\BOOKMARK [1][]{section.3.9}{\376\377\0003\000.\0009\000\040\000E\000n\000v\000e\000l\000o\000p\000e\000\040\000M\000o\000d\000e\000l\000\040\000i\000n\000\040\000t\000h\000e\000\040\000P\000r\000e\000d\000i\000c\000t\000o\000r\000\040\000S\000p\000a\000c\000e\000\040\000U\000s\000i\000n\000g\000\040\000P\000a\000r\000t\000i\000a\000l\000\040\000L\000e\000a\000s\000t\000\040\000S\000q\000u\000a\000r\000e\000s\000\040\000A\000l\000g\000o\000r\000i\000t\000h\000m}{chapter.3}% 19
\BOOKMARK [1][]{section.3.10}{\376\377\0003\000.\0001\0000\000\040\000E\000n\000v\000e\000l\000o\000p\000e\000\040\000E\000s\000t\000i\000m\000a\000t\000o\000r\000\040\000f\000o\000r\000\040\000M\000u\000l\000t\000i\000v\000a\000r\000i\000a\000t\000e\000\040\000M\000e\000a\000n}{chapter.3}% 20
\BOOKMARK [0][]{chapter.4}{\376\377\0004\000\040\000O\000p\000t\000i\000o\000n\000a\000l\000\040\000A\000r\000g\000u\000m\000e\000n\000t\000s}{}% 21
\BOOKMARK [0][]{section*.10}{\376\377\000B\000i\000b\000l\000i\000o\000g\000r\000a\000p\000h\000y}{}% 22
